<?xml version="1.0" encoding="UTF-8"?>
<!-- Generated by org.testng.reporters.JUnitXMLReporter -->
<testsuite ignored="0" hostname="MacBook-Pro.local" failures="0" tests="3" name="Default test" time="0.048" errors="0" timestamp="2021-01-14T21:22:48 EST">
  <testcase classname="testNGIntro.FirstClass" name="m1" time="0.009"/>
  <testcase classname="testNGIntro.FirstClass" name="m2" time="0.001"/>
  <testcase classname="testNGIntro.FirstClass" name="m3" time="0.001"/>
</testsuite> <!-- Default test -->
