<?xml version="1.0" encoding="UTF-8"?>
<!-- Generated by org.testng.reporters.JUnitXMLReporter -->
<testsuite ignored="0" hostname="MacBook-Pro.local" failures="0" tests="4" name="Test2" time="0.012" errors="0" timestamp="2021-01-15T21:40:14 EST">
  <testcase classname="p1.C1" name="m1" time="0.001"/>
  <testcase classname="p1.C1" name="m2" time="0.001"/>
  <testcase classname="p1.C1" name="m3" time="0.0"/>
  <testcase classname="p1.AnnotationsIntro" name="a" time="0.001"/>
</testsuite> <!-- Test2 -->
