<?xml version="1.0" encoding="UTF-8"?>
<!-- Generated by org.testng.reporters.JUnitXMLReporter -->
<testsuite ignored="4" hostname="MacBook-Pro.local" failures="0" tests="3" name="Test" time="0.039" errors="0" timestamp="2021-01-14T22:12:55 EST">
  <testcase classname="p1.C1" name="m1" time="0.007"/>
  <testcase classname="p1.C2" name="m2" time="0.0"/>
  <testcase classname="p1.C2" name="m4" time="0.001"/>
  <testcase classname="p1.C2" name="m1" time="0.0">
    <ignored/>
  </testcase> <!-- m1 -->
  <testcase classname="p1.C2" name="m3" time="0.0">
    <ignored/>
  </testcase> <!-- m3 -->
  <testcase classname="p1.C1" name="m2" time="0.0">
    <ignored/>
  </testcase> <!-- m2 -->
  <testcase classname="p1.C1" name="m3" time="0.0">
    <ignored/>
  </testcase> <!-- m3 -->
</testsuite> <!-- Test -->
