<?xml version="1.0" encoding="UTF-8"?>
<!-- Generated by org.testng.reporters.JUnitXMLReporter -->
<testsuite ignored="3" hostname="MacBook-Pro.local" failures="0" tests="4" name="Test1" time="0.043" errors="0" timestamp="2021-01-15T22:33:14 EST">
  <testcase classname="p1.AnnotationsIntro" name="a" time="0.004"/>
  <testcase classname="p1.GroupsIntro" name="a" time="0.001"/>
  <testcase classname="p1.GroupsIntro" name="b" time="0.001"/>
  <testcase classname="p1.GroupsIntro" name="c" time="0.001"/>
  <testcase classname="p1.GroupsIntro" name="e" time="0.0">
    <ignored/>
  </testcase> <!-- e -->
  <testcase classname="p1.AnnotationsIntro" name="b" time="0.0">
    <ignored/>
  </testcase> <!-- b -->
  <testcase classname="p1.GroupsIntro" name="d" time="0.0">
    <ignored/>
  </testcase> <!-- d -->
</testsuite> <!-- Test1 -->
