<?xml version="1.0" encoding="UTF-8"?>
<testng-results ignored="0" total="2" passed="2" failed="0" skipped="0">
  <reporter-output>
  </reporter-output>
  <suite started-at="2021-01-18T22:21:41 EST" name="Suite" finished-at="2021-01-18T22:21:41 EST" duration-ms="40">
    <groups>
    </groups>
    <test started-at="2021-01-18T22:21:41 EST" name="Test1" finished-at="2021-01-18T22:21:41 EST" duration-ms="40">
      <class name="p1.ParallelIntro">
        <test-method signature="test4()[pri:0, instance:p1.ParallelIntro@240237d2]" started-at="2021-01-18T22:21:41 EST" name="test4" finished-at="2021-01-18T22:21:41 EST" duration-ms="7" status="PASS">
          <reporter-output>
          </reporter-output>
        </test-method> <!-- test4 -->
        <test-method signature="test3()[pri:0, instance:p1.ParallelIntro@240237d2]" started-at="2021-01-18T22:21:41 EST" name="test3" finished-at="2021-01-18T22:21:41 EST" duration-ms="7" status="PASS">
          <reporter-output>
          </reporter-output>
        </test-method> <!-- test3 -->
      </class> <!-- p1.ParallelIntro -->
    </test> <!-- Test1 -->
  </suite> <!-- Suite -->
</testng-results>
