<?xml version="1.0" encoding="UTF-8"?>
<testng-results ignored="0" total="3" passed="3" failed="0" skipped="0">
  <reporter-output>
  </reporter-output>
  <suite started-at="2021-01-14T21:22:48 EST" name="Default suite" finished-at="2021-01-14T21:22:48 EST" duration-ms="48">
    <groups>
    </groups>
    <test started-at="2021-01-14T21:22:48 EST" name="Default test" finished-at="2021-01-14T21:22:48 EST" duration-ms="48">
      <class name="testNGIntro.FirstClass">
        <test-method signature="m1()[pri:0, instance:testNGIntro.FirstClass@2c34f934]" started-at="2021-01-14T21:22:48 EST" name="m1" finished-at="2021-01-14T21:22:48 EST" duration-ms="9" status="PASS">
          <reporter-output>
          </reporter-output>
        </test-method> <!-- m1 -->
        <test-method signature="m2()[pri:0, instance:testNGIntro.FirstClass@2c34f934]" started-at="2021-01-14T21:22:48 EST" name="m2" finished-at="2021-01-14T21:22:48 EST" duration-ms="1" status="PASS">
          <reporter-output>
          </reporter-output>
        </test-method> <!-- m2 -->
        <test-method signature="m3()[pri:0, instance:testNGIntro.FirstClass@2c34f934]" started-at="2021-01-14T21:22:48 EST" name="m3" finished-at="2021-01-14T21:22:48 EST" duration-ms="1" status="PASS">
          <reporter-output>
          </reporter-output>
        </test-method> <!-- m3 -->
      </class> <!-- testNGIntro.FirstClass -->
    </test> <!-- Default test -->
  </suite> <!-- Default suite -->
</testng-results>
